<?xml version="1.0" encoding="UTF-8"?>
<!-- Generated by org.testng.reporters.JUnitXMLReporter -->
<testsuite hostname="c4b301c8ccbf.ant.amazon.com" ignored="2" name="CookingChannelApp_autoSign-In_Test_10" tests="1" failures="0" timestamp="01 Mar 2018 02:39:26 GMT" time="101.65" errors="0">
  <testcase name="verifyCookingChannelAppAutoSignedIn" time="83.465" classname="com.amazon.qa.tests.cookingchannelapp.CookingChannelAppTest"/>
  <testcase name="verifyCookingChannelAppSignedOut" time="0.0" classname="com.amazon.qa.tests.cookingchannelapp.CookingChannelAppTest">
    <ignored/>
  </testcase> <!-- verifyCookingChannelAppSignedOut -->
  <testcase name="verifyCookingChannelAppSignedIn" time="0.0" classname="com.amazon.qa.tests.cookingchannelapp.CookingChannelAppTest">
    <ignored/>
  </testcase> <!-- verifyCookingChannelAppSignedIn -->
</testsuite> <!-- CookingChannelApp_autoSign-In_Test_10 -->
