<?xml version="1.0" encoding="UTF-8"?>
<!-- Generated by org.testng.reporters.JUnitXMLReporter -->
<testsuite hostname="c4b301c8ccbf.ant.amazon.com" ignored="2" name="CookingChannelApp_Sign-Out_Test_5" tests="1" failures="0" timestamp="01 Mar 2018 02:27:56 GMT" time="118.689" errors="0">
  <testcase name="verifyCookingChannelAppSignedOut" time="100.321" classname="com.amazon.qa.tests.cookingchannelapp.CookingChannelAppTest"/>
  <testcase name="verifyCookingChannelAppAutoSignedIn" time="0.0" classname="com.amazon.qa.tests.cookingchannelapp.CookingChannelAppTest">
    <ignored/>
  </testcase> <!-- verifyCookingChannelAppAutoSignedIn -->
  <testcase name="verifyCookingChannelAppSignedIn" time="0.0" classname="com.amazon.qa.tests.cookingchannelapp.CookingChannelAppTest">
    <ignored/>
  </testcase> <!-- verifyCookingChannelAppSignedIn -->
</testsuite> <!-- CookingChannelApp_Sign-Out_Test_5 -->
