<?xml version="1.0" encoding="UTF-8"?>
<!-- Generated by org.testng.reporters.JUnitXMLReporter -->
<testsuite hostname="c4b301c8ccbf.ant.amazon.com" ignored="2" name="CookingChannelApp_Sign-In_Test_1" tests="1" failures="0" timestamp="03 Mar 2018 00:59:54 GMT" time="200.258" errors="0">
  <testcase name="verifyCookingChannelAppSignedIn" time="182.898" classname="com.amazon.qa.tests.cookingchannelapp.CookingChannelAppTest"/>
  <testcase name="verifyCookingChannelAppSignedOut" time="0.0" classname="com.amazon.qa.tests.cookingchannelapp.CookingChannelAppTest">
    <ignored/>
  </testcase> <!-- verifyCookingChannelAppSignedOut -->
  <testcase name="verifyCookingChannelAppAutoSignedIn" time="0.0" classname="com.amazon.qa.tests.cookingchannelapp.CookingChannelAppTest">
    <ignored/>
  </testcase> <!-- verifyCookingChannelAppAutoSignedIn -->
</testsuite> <!-- CookingChannelApp_Sign-In_Test_1 -->
