<?xml version="1.0" encoding="UTF-8"?>
<!-- Generated by org.testng.reporters.JUnitXMLReporter -->
<testsuite hostname="c4b301c8ccbf.ant.amazon.com" ignored="2" name="HistoryApp_autoSign-Out_Test_7" tests="1" failures="0" timestamp="01 Mar 2018 02:32:02 GMT" time="121.539" errors="0">
  <testcase name="verifyHistoryAppAutoSignOut" time="103.753" classname="com.amazon.qa.tests.historyapp.HistoryAppTest"/>
  <testcase name="verifyHistoryAppAutoSignedIn_withDownloading" time="0.0" classname="com.amazon.qa.tests.historyapp.HistoryAppTest">
    <ignored/>
  </testcase> <!-- verifyHistoryAppAutoSignedIn_withDownloading -->
  <testcase name="verifyHistoryAppAutoSignedIn" time="0.0" classname="com.amazon.qa.tests.historyapp.HistoryAppTest">
    <ignored/>
  </testcase> <!-- verifyHistoryAppAutoSignedIn -->
</testsuite> <!-- HistoryApp_autoSign-Out_Test_7 -->
