<?xml version="1.0" encoding="UTF-8"?>
<!-- Generated by org.testng.reporters.JUnitXMLReporter -->
<testsuite hostname="c4b301c8ccbf.ant.amazon.com" ignored="2" name="HistoryApp_autoSign-In_Test_3" tests="1" failures="0" timestamp="01 Mar 2018 02:22:49 GMT" time="198.024" errors="0">
  <testcase name="verifyHistoryAppAutoSignedIn_withDownloading" time="179.157" classname="com.amazon.qa.tests.historyapp.HistoryAppTest"/>
  <testcase name="verifyHistoryAppAutoSignedIn" time="0.0" classname="com.amazon.qa.tests.historyapp.HistoryAppTest">
    <ignored/>
  </testcase> <!-- verifyHistoryAppAutoSignedIn -->
  <testcase name="verifyHistoryAppAutoSignOut" time="0.0" classname="com.amazon.qa.tests.historyapp.HistoryAppTest">
    <ignored/>
  </testcase> <!-- verifyHistoryAppAutoSignOut -->
</testsuite> <!-- HistoryApp_autoSign-In_Test_3 -->
