<?xml version="1.0" encoding="UTF-8"?>
<!-- Generated by org.testng.reporters.JUnitXMLReporter -->
<testsuite hostname="c4b301c8ccbf.ant.amazon.com" ignored="2" name="SyFyApp_autoSign-Out_Test_8" tests="1" failures="0" timestamp="01 Mar 2018 02:34:00 GMT" time="117.22" errors="0">
  <testcase name="verifySyFyAppAutoSignedOut" time="98.623" classname="com.amazon.qa.tests.syfyapp.SyfyAppTest"/>
  <testcase name="verifySyFyAppAutoSignedIn" time="0.0" classname="com.amazon.qa.tests.syfyapp.SyfyAppTest">
    <ignored/>
  </testcase> <!-- verifySyFyAppAutoSignedIn -->
  <testcase name="verifySyFyAppAutoSignedIn_withDownloading" time="0.0" classname="com.amazon.qa.tests.syfyapp.SyfyAppTest">
    <ignored/>
  </testcase> <!-- verifySyFyAppAutoSignedIn_withDownloading -->
</testsuite> <!-- SyFyApp_autoSign-Out_Test_8 -->
