<?xml version="1.0" encoding="UTF-8"?>
<!-- Generated by org.testng.reporters.JUnitXMLReporter -->
<testsuite hostname="c4b301c8ccbf.ant.amazon.com" ignored="2" name="SyFyApp_auto_Sign-In_Test_2" tests="1" failures="0" timestamp="03 Mar 2018 01:03:02 GMT" time="187.897" errors="0">
  <testcase name="verifySyFyAppAutoSignedIn_withDownloading" time="167.793" classname="com.amazon.qa.tests.syfyapp.SyfyAppTest"/>
  <testcase name="verifySyFyAppAutoSignedOut" time="0.0" classname="com.amazon.qa.tests.syfyapp.SyfyAppTest">
    <ignored/>
  </testcase> <!-- verifySyFyAppAutoSignedOut -->
  <testcase name="verifySyFyAppAutoSignedIn" time="0.0" classname="com.amazon.qa.tests.syfyapp.SyfyAppTest">
    <ignored/>
  </testcase> <!-- verifySyFyAppAutoSignedIn -->
</testsuite> <!-- SyFyApp_auto_Sign-In_Test_2 -->
