<?xml version="1.0" encoding="UTF-8"?>
<!-- Generated by org.testng.reporters.JUnitXMLReporter -->
<testsuite hostname="c4b301c8ccbf.ant.amazon.com" ignored="2" name="SyFyApp_autoSign-In_Test_2" tests="1" failures="0" timestamp="01 Mar 2018 02:19:31 GMT" time="200.481" errors="0">
  <testcase name="verifySyFyAppAutoSignedIn_withDownloading" time="180.941" classname="com.amazon.qa.tests.syfyapp.SyfyAppTest"/>
  <testcase name="verifySyFyAppAutoSignedOut" time="0.0" classname="com.amazon.qa.tests.syfyapp.SyfyAppTest">
    <ignored/>
  </testcase> <!-- verifySyFyAppAutoSignedOut -->
  <testcase name="verifySyFyAppAutoSignedIn" time="0.0" classname="com.amazon.qa.tests.syfyapp.SyfyAppTest">
    <ignored/>
  </testcase> <!-- verifySyFyAppAutoSignedIn -->
</testsuite> <!-- SyFyApp_autoSign-In_Test_2 -->
